#
# There is insufficient memory for the Java Runtime Environment to continue.
# Native memory allocation (mmap) failed to map 134217728 bytes for Failed to commit area from 0x0000000081600000 to 0x0000000089600000 of length 134217728.
# Possible reasons:
#   The system is out of physical RAM or swap space
#   The process is running with CompressedOops enabled, and the Java Heap may be blocking the growth of the native heap
# Possible solutions:
#   Reduce memory load on the system
#   Increase physical memory or swap space
#   Check if swap backing store is full
#   Decrease Java heap size (-Xmx/-Xms)
#   Decrease number of Java threads
#   Decrease Java thread stack sizes (-Xss)
#   Set larger code cache with -XX:ReservedCodeCacheSize=
# This output file may be truncated or incomplete.
#
#  Out of Memory Error (./open/src/hotspot/os/windows/os_windows.cpp:3298), pid=4548, tid=20336
#
# JRE version:  (11.0.23+7) (build )
# Java VM: Java HotSpot(TM) 64-Bit Server VM (11.0.23+7-LTS-222, mixed mode, sharing, tiered, compressed oops, g1 gc, windows-amd64)
# No core dump will be written. Minidumps are not enabled by default on client versions of Windows
#

---------------  S U M M A R Y ------------

Command Line: -ea -Dfile.encoding=Cp1252 org.testng.remote.RemoteTestNG -serport 63990 -protocol json -d C:\Users\User\eclipse-workspace2\Xsalts\test-output C:\Users\User\AppData\Local\Temp\testng-eclipse--218256232\testng-customsuite.xml

Host: Intel(R) Core(TM) i5-7200U CPU @ 2.50GHz, 4 cores, 7G,  Windows 10 , 64 bit Build 19041 (10.0.19041.5198)
Time: Tue Jan 14 20:47:53 2025 India Standard Time elapsed time: 0.091862 seconds (0d 0h 0m 0s)

---------------  T H R E A D  ---------------

Current thread (0x000002169e48c000):  JavaThread "Unknown thread" [_thread_in_vm, id=20336, stack(0x0000009072500000,0x0000009072600000)]

Stack: [0x0000009072500000,0x0000009072600000]
Native frames: (J=compiled Java code, j=interpreted, Vv=VM code, C=native code)
V  [jvm.dll+0x65524a]
V  [jvm.dll+0x79646f]
V  [jvm.dll+0x797b39]
V  [jvm.dll+0x7981e3]
V  [jvm.dll+0x254ee5]
V  [jvm.dll+0x6525a9]
V  [jvm.dll+0x6473c5]
V  [jvm.dll+0x30f59d]
V  [jvm.dll+0x30f402]
V  [jvm.dll+0x314186]
V  [jvm.dll+0x3576e0]
V  [jvm.dll+0x357152]
V  [jvm.dll+0x2ea6c8]
V  [jvm.dll+0x2eb7e5]
V  [jvm.dll+0x76f9a7]
V  [jvm.dll+0x77128f]
V  [jvm.dll+0x364859]
V  [jvm.dll+0x75431f]
V  [jvm.dll+0x3d5c77]
V  [jvm.dll+0x3d7da1]
C  [jli.dll+0x52e7]
C  [ucrtbase.dll+0x21bb2]
C  [KERNEL32.DLL+0x17374]
C  [ntdll.dll+0x4cc91]


---------------  P R O C E S S  ---------------

Threads class SMR info:
_java_thread_list=0x000002169c2ab8e0, length=0, elements={
}

Java Threads: ( => current thread )

Other Threads:
  0x000002169e4a3000 GCTaskThread "GC Thread#0" [stack: 0x0000009072600000,0x0000009072700000] [id=18848]
  0x000002169e4d3000 ConcurrentGCThread "G1 Main Marker" [stack: 0x0000009072700000,0x0000009072800000] [id=19796]
  0x000002169e4d5000 ConcurrentGCThread "G1 Conc#0" [stack: 0x0000009072800000,0x0000009072900000] [id=12268]

[error occurred during error reporting (printing all threads), id 0xc0000005, EXCEPTION_ACCESS_VIOLATION (0xc0000005) at pc=0x00007ffd0b7ead87]

VM state:not at safepoint (not fully initialized)

VM Mutex/Monitor currently owned by a thread:  ([mutex/lock_event])
[0x000002169e4899f0] Heap_lock - owner thread: 0x000002169e48c000

Heap address: 0x0000000081600000, size: 2026 MB, Compressed Oops mode: Non-zero based: 0x0000000081600000
Narrow klass base: 0x0000000000000000, Narrow klass shift: 0

GC Heap History (0 events):
No events

Deoptimization events (0 events):
No events

Classes redefined (0 events):
No events

Internal exceptions (0 events):
No events

Events (0 events):
No events


Dynamic libraries:
0x00007ff76c9f0000 - 0x00007ff76ca00000 	C:\Program Files\Java\jdk-11\bin\javaw.exe
0x00007ffd4b790000 - 0x00007ffd4b988000 	C:\WINDOWS\SYSTEM32\ntdll.dll
0x00007ffd4b1b0000 - 0x00007ffd4b272000 	C:\WINDOWS\System32\KERNEL32.DLL
0x00007ffd49290000 - 0x00007ffd4958e000 	C:\WINDOWS\System32\KERNELBASE.dll
0x00007ffd49630000 - 0x00007ffd49730000 	C:\WINDOWS\System32\ucrtbase.dll
0x00007ffd402c0000 - 0x00007ffd402d9000 	C:\Program Files\Java\jdk-11\bin\jli.dll
0x00007ffd4b0f0000 - 0x00007ffd4b1a1000 	C:\WINDOWS\System32\ADVAPI32.dll
0x00007ffd4b6a0000 - 0x00007ffd4b73e000 	C:\WINDOWS\System32\msvcrt.dll
0x00007ffd4acf0000 - 0x00007ffd4ad8f000 	C:\WINDOWS\System32\sechost.dll
0x00007ffd4a830000 - 0x00007ffd4a953000 	C:\WINDOWS\System32\RPCRT4.dll
0x00007ffd49780000 - 0x00007ffd497a7000 	C:\WINDOWS\System32\bcrypt.dll
0x00007ffd4a210000 - 0x00007ffd4a3ad000 	C:\WINDOWS\System32\USER32.dll
0x00007ffd49590000 - 0x00007ffd495b2000 	C:\WINDOWS\System32\win32u.dll
0x00007ffd49860000 - 0x00007ffd4988b000 	C:\WINDOWS\System32\GDI32.dll
0x00007ffd49010000 - 0x00007ffd49127000 	C:\WINDOWS\System32\gdi32full.dll
0x00007ffd48f70000 - 0x00007ffd4900d000 	C:\WINDOWS\System32\msvcp_win.dll
0x00007ffd3f7f0000 - 0x00007ffd3f80b000 	C:\Program Files\Java\jdk-11\bin\VCRUNTIME140.dll
0x00007ffd24e20000 - 0x00007ffd250ba000 	C:\WINDOWS\WinSxS\amd64_microsoft.windows.common-controls_6595b64144ccf1df_6.0.19041.4355_none_60b8b9eb71f62e16\COMCTL32.dll
0x00007ffd426b0000 - 0x00007ffd426ba000 	C:\WINDOWS\SYSTEM32\VERSION.dll
0x00007ffd4b5c0000 - 0x00007ffd4b5ef000 	C:\WINDOWS\System32\IMM32.DLL
0x00007ffd46050000 - 0x00007ffd4605c000 	C:\Program Files\Java\jdk-11\bin\vcruntime140_1.dll
0x00007ffd20db0000 - 0x00007ffd20e3e000 	C:\Program Files\Java\jdk-11\bin\msvcp140.dll
0x00007ffd0b4f0000 - 0x00007ffd0c04e000 	C:\Program Files\Java\jdk-11\bin\server\jvm.dll
0x00007ffd4a820000 - 0x00007ffd4a828000 	C:\WINDOWS\System32\PSAPI.DLL
0x00007ffd45ca0000 - 0x00007ffd45ca9000 	C:\WINDOWS\SYSTEM32\WSOCK32.dll
0x00007ffd4b4d0000 - 0x00007ffd4b53b000 	C:\WINDOWS\System32\WS2_32.dll
0x00007ffd41730000 - 0x00007ffd41757000 	C:\WINDOWS\SYSTEM32\WINMM.dll
0x00007ffd47990000 - 0x00007ffd479a2000 	C:\WINDOWS\SYSTEM32\kernel.appcore.dll
0x00007ffd42600000 - 0x00007ffd42610000 	C:\Program Files\Java\jdk-11\bin\verify.dll
0x00007ffd47610000 - 0x00007ffd477f4000 	C:\WINDOWS\SYSTEM32\DBGHELP.DLL
0x00007ffd40610000 - 0x00007ffd40644000 	C:\WINDOWS\SYSTEM32\dbgcore.DLL
0x00007ffd48ee0000 - 0x00007ffd48f62000 	C:\WINDOWS\System32\bcryptPrimitives.dll
0x00007ffd2a6f0000 - 0x00007ffd2a718000 	C:\Program Files\Java\jdk-11\bin\java.dll
0x00007ffd40be0000 - 0x00007ffd40bea000 	C:\Program Files\Java\jdk-11\bin\jimage.dll
0x00007ffd402e0000 - 0x00007ffd402f7000 	C:\Program Files\Java\jdk-11\bin\zip.dll

dbghelp: loaded successfully - version: 4.0.5 - missing functions: none
symbol engine: initialized successfully - sym options: 0x614 - pdb path: .;C:\Program Files\Java\jdk-11\bin;C:\WINDOWS\SYSTEM32;C:\WINDOWS\WinSxS\amd64_microsoft.windows.common-controls_6595b64144ccf1df_6.0.19041.4355_none_60b8b9eb71f62e16;C:\Program Files\Java\jdk-11\bin\server

VM Arguments:
jvm_args: -ea -Dfile.encoding=Cp1252 
java_command: org.testng.remote.RemoteTestNG -serport 63990 -protocol json -d C:\Users\User\eclipse-workspace2\Xsalts\test-output C:\Users\User\AppData\Local\Temp\testng-eclipse--218256232\testng-customsuite.xml
java_class_path (initial): C:\Users\User\Downloads\eclipse-java-2019-09-R-win32-x86_64\eclipse\configuration\org.eclipse.osgi\488\0\.cp\lib\testng-remote.jar;C:\Users\User\eclipse-workspace2\Xsalts\target\test-classes;C:\Users\User\eclipse-workspace2\Xsalts\target\classes;C:\Users\User\.m2\repository\org\seleniumhq\selenium\selenium-java\4.15.0\selenium-java-4.15.0.jar;C:\Users\User\.m2\repository\org\seleniumhq\selenium\selenium-api\4.15.0\selenium-api-4.15.0.jar;C:\Users\User\.m2\repository\org\seleniumhq\selenium\selenium-chrome-driver\4.15.0\selenium-chrome-driver-4.15.0.jar;C:\Users\User\.m2\repository\com\google\auto\service\auto-service-annotations\1.1.1\auto-service-annotations-1.1.1.jar;C:\Users\User\.m2\repository\org\seleniumhq\selenium\selenium-chromium-driver\4.15.0\selenium-chromium-driver-4.15.0.jar;C:\Users\User\.m2\repository\org\seleniumhq\selenium\selenium-json\4.15.0\selenium-json-4.15.0.jar;C:\Users\User\.m2\repository\org\seleniumhq\selenium\selenium-manager\4.15.0\selenium-manager-4.15.0.jar;C:\Users\User\.m2\repository\org\seleniumhq\selenium\selenium-devtools-v117\4.15.0\selenium-devtools-v117-4.15.0.jar;C:\Users\User\.m2\repository\org\seleniumhq\selenium\selenium-devtools-v118\4.15.0\selenium-devtools-v118-4.15.0.jar;C:\Users\User\.m2\repository\org\seleniumhq\selenium\selenium-devtools-v119\4.15.0\selenium-devtools-v119-4.15.0.jar;C:\Users\User\.m2\repository\org\seleniumhq\selenium\selenium-devtools-v85\4.15.0\selenium-devtools-v85-4.15.0.jar;C:\Users\User\.m2\repository\org\seleniumhq\selenium\selenium-edge-driver\4.15.0\selenium-edge-driver-4.15.0.jar;C:\Users\User\.m2\repository\org\seleniumhq\selenium\selenium-firefox-driver\4.15.0\selenium-firefox-driver-4.15.0.jar;C:\Users\User\.m2\repository\org\seleniumhq\selenium\selenium-http\4.15.0\selenium-http-4.15.0.jar;C:\Users\User\.m2\repository\dev\failsafe\failsafe\3.3.2\failsafe-3.3.2.jar;C:\Users\User\.m2\repository\org\seleniumhq\selenium\selenium-ie-driver\4.15.0\selenium-ie-driv
Launcher Type: SUN_STANDARD

[Global flags]
     intx CICompilerCount                          = 3                                         {product} {ergonomic}
     uint ConcGCThreads                            = 1                                         {product} {ergonomic}
     uint G1ConcRefinementThreads                  = 4                                         {product} {ergonomic}
   size_t G1HeapRegionSize                         = 1048576                                   {product} {ergonomic}
    uintx GCDrainStackTargetSize                   = 64                                        {product} {ergonomic}
   size_t InitialHeapSize                          = 134217728                                 {product} {ergonomic}
   size_t MarkStackSize                            = 4194304                                   {product} {ergonomic}
   size_t MaxHeapSize                              = 2124414976                                {product} {ergonomic}
   size_t MinHeapDeltaBytes                        = 1048576                                   {product} {ergonomic}
    uintx NonNMethodCodeHeapSize                   = 5830732                                {pd product} {ergonomic}
    uintx NonProfiledCodeHeapSize                  = 122913754                              {pd product} {ergonomic}
    uintx ProfiledCodeHeapSize                     = 122913754                              {pd product} {ergonomic}
    uintx ReservedCodeCacheSize                    = 251658240                              {pd product} {ergonomic}
     bool SegmentedCodeCache                       = true                                      {product} {ergonomic}
     bool UseCompressedClassPointers               = true                                 {lp64_product} {ergonomic}
     bool UseCompressedOops                        = true                                 {lp64_product} {ergonomic}
     bool UseG1GC                                  = true                                      {product} {ergonomic}
     bool UseLargePagesIndividualAllocation        = false                                  {pd product} {ergonomic}

Logging:
Log output configuration:
 #0: stdout all=warning uptime,level,tags
 #1: stderr all=off uptime,level,tags

Environment Variables:
PATH=C:/Program Files/Java/jdk-11/bin/server;C:/Program Files/Java/jdk-11/bin;C:\Program Files\Java\jdk-11\bin;C:\Program Files\Common Files\Oracle\Java\javapath;C:\Program Files (x86)\Common Files\Oracle\Java\javapath;C:\WINDOWS\system32;C:\WINDOWS;C:\WINDOWS\System32\Wbem;C:\WINDOWS\System32\WindowsPowerShell\v1.0\;C:\WINDOWS\System32\OpenSSH\;C:\Program Files\dotnet\;C:\Users\User\AppData\Local\Microsoft\WindowsApps;;C:\Users\User\Downloads\eclipse-java-2019-09-R-win32-x86_64\eclipse;
USERNAME=User
OS=Windows_NT
PROCESSOR_IDENTIFIER=Intel64 Family 6 Model 142 Stepping 9, GenuineIntel



---------------  S Y S T E M  ---------------

OS: Windows 10 , 64 bit Build 19041 (10.0.19041.5198)

CPU:total 4 (initial active 4) (2 cores per cpu, 2 threads per core) family 6 model 142 stepping 9 microcode 0xde, cmov, cx8, fxsr, mmx, sse, sse2, sse3, ssse3, sse4.1, sse4.2, popcnt, avx, avx2, aes, clmul, erms, 3dnowpref, lzcnt, ht, tsc, tscinvbit, bmi1, bmi2, adx, fma

Memory: 4k page, system-wide physical 8103M (1034M free)
TotalPageFile size 10151M (AvailPageFile size 57M)
current process WorkingSet (physical memory assigned to process): 10M, peak: 10M
current process commit charge ("private bytes"): 51M, peak: 179M

vm_info: Java HotSpot(TM) 64-Bit Server VM (11.0.23+7-LTS-222) for windows-amd64 JRE (11.0.23+7-LTS-222), built on Mar 11 2024 22:13:52 by "mach5one" with MS VC++ 17.6 (VS2022)

END.
